2017-05-02 05:16:07,334 INFO  [org.jboss.modules] (main) JBoss Modules version 1.5.2.Final
2017-05-02 05:16:07,549 INFO  [org.jboss.msc] (main) JBoss MSC version 1.2.6.Final
2017-05-02 05:16:07,618 INFO  [org.jboss.as] (MSC service thread 1-6) WFLYSRV0049: WildFly Full 10.1.0.Final (WildFly Core 2.2.0.Final) starting
2017-05-02 05:16:07,618 DEBUG [org.jboss.as.config] (MSC service thread 1-6) Configured system properties:
	awt.toolkit = sun.awt.windows.WToolkit
	file.encoding = Cp1252
	file.encoding.pkg = sun.io
	file.separator = \
	java.awt.graphicsenv = sun.awt.Win32GraphicsEnvironment
	java.awt.headless = true
	java.awt.printerjob = sun.awt.windows.WPrinterJob
	java.class.path = C:\Users\Mariana\Documents\GitHub\Sistemas-Transaccionales\wildfly-10.1.0.Final\jboss-modules.jar
	java.class.version = 52.0
	java.endorsed.dirs = C:\Program Files\Java\jdk1.8.0_131\jre\lib\endorsed
	java.ext.dirs = C:\Program Files\Java\jdk1.8.0_131\jre\lib\ext;C:\WINDOWS\Sun\Java\lib\ext
	java.home = C:\Program Files\Java\jdk1.8.0_131\jre
	java.io.tmpdir = C:\Users\Mariana\AppData\Local\Temp\
	java.library.path = C:\Program Files\Java\jdk1.8.0_131\bin;C:\WINDOWS\Sun\Java\bin;C:\WINDOWS\system32;C:\WINDOWS;native;C:/Program Files/Java/jre1.8.0_121/bin/server;C:/Program Files/Java/jre1.8.0_121/bin;C:/Program Files/Java/jre1.8.0_121/lib/amd64;C:\oraclexe\app\oracle\product\11.2.0\server\bin;;C:\ProgramData\Oracle\Java\javapath;C:\Program Files (x86)\Lenovo\FusionEngine;C:\WINDOWS\system32;C:\WINDOWS;C:\WINDOWS\System32\Wbem;C:\WINDOWS\System32\WindowsPowerShell\v1.0\;C:\WINDOWS\system32\config\systemprofile\.dnx\bin;C:\Program Files\Microsoft DNX\Dnvm\;C:\Program Files\Microsoft SQL Server\130\Tools\Binn\;C:\Program Files (x86)\Windows Kits\8.1\Windows Performance Toolkit\;C:\Program Files\Intel\WiFi\bin\;C:\Program Files\Common Files\Intel\WirelessCommon\;C:\Users\Mariana\AppData\Local\Microsoft\WindowsApps;;C:\Users\Mariana\Desktop;;.
	java.net.preferIPv4Stack = true
	java.runtime.name = Java(TM) SE Runtime Environment
	java.runtime.version = 1.8.0_131-b11
	java.specification.name = Java Platform API Specification
	java.specification.vendor = Oracle Corporation
	java.specification.version = 1.8
	java.util.logging.manager = org.jboss.logmanager.LogManager
	java.vendor = Oracle Corporation
	java.vendor.url = http://java.oracle.com/
	java.vendor.url.bug = http://bugreport.sun.com/bugreport/
	java.version = 1.8.0_131
	java.vm.info = mixed mode
	java.vm.name = Java HotSpot(TM) 64-Bit Server VM
	java.vm.specification.name = Java Virtual Machine Specification
	java.vm.specification.vendor = Oracle Corporation
	java.vm.specification.version = 1.8
	java.vm.vendor = Oracle Corporation
	java.vm.version = 25.131-b11
	javax.management.builder.initial = org.jboss.as.jmx.PluggableMBeanServerBuilder
	javax.xml.datatype.DatatypeFactory = __redirected.__DatatypeFactory
	javax.xml.parsers.DocumentBuilderFactory = __redirected.__DocumentBuilderFactory
	javax.xml.parsers.SAXParserFactory = __redirected.__SAXParserFactory
	javax.xml.stream.XMLEventFactory = __redirected.__XMLEventFactory
	javax.xml.stream.XMLInputFactory = __redirected.__XMLInputFactory
	javax.xml.stream.XMLOutputFactory = __redirected.__XMLOutputFactory
	javax.xml.transform.TransformerFactory = __redirected.__TransformerFactory
	javax.xml.validation.SchemaFactory:http://www.w3.org/2001/XMLSchema = __redirected.__SchemaFactory
	javax.xml.xpath.XPathFactory:http://java.sun.com/jaxp/xpath/dom = __redirected.__XPathFactory
	jboss.bind.address = localhost
	jboss.bind.address.management = localhost
	jboss.home.dir = C:\Users\Mariana\Documents\GitHub\Sistemas-Transaccionales\wildfly-10.1.0.Final
	jboss.host.name = laptop-uicf0p4o
	jboss.modules.dir = C:\Users\Mariana\Documents\GitHub\Sistemas-Transaccionales\wildfly-10.1.0.Final\modules
	jboss.modules.system.pkgs = org.jboss.byteman
	jboss.node.name = laptop-uicf0p4o
	jboss.qualified.host.name = laptop-uicf0p4o
	jboss.server.base.dir = C:\Users\Mariana\Documents\GitHub\Sistemas-Transaccionales\wildfly-10.1.0.Final\standalone
	jboss.server.config.dir = C:\Users\Mariana\Documents\GitHub\Sistemas-Transaccionales\wildfly-10.1.0.Final\standalone\configuration
	jboss.server.data.dir = C:\Users\Mariana\Documents\GitHub\Sistemas-Transaccionales\wildfly-10.1.0.Final\standalone\data
	jboss.server.deploy.dir = C:\Users\Mariana\Documents\GitHub\Sistemas-Transaccionales\wildfly-10.1.0.Final\standalone\data\content
	jboss.server.log.dir = C:\Users\Mariana\Documents\GitHub\Sistemas-Transaccionales\wildfly-10.1.0.Final\standalone\log
	jboss.server.name = laptop-uicf0p4o
	jboss.server.persist.config = true
	jboss.server.temp.dir = C:\Users\Mariana\Documents\GitHub\Sistemas-Transaccionales\wildfly-10.1.0.Final\standalone\tmp
	line.separator = 

	logging.configuration = file:/C:/Users/Mariana/Documents/GitHub/Sistemas-Transaccionales/wildfly-10.1.0.Final/standalone/configuration/logging.properties
	module.path = C:/Users/Mariana/Documents/GitHub/Sistemas-Transaccionales/wildfly-10.1.0.Final/modules
	org.jboss.boot.log.file = C:/Users/Mariana/Documents/GitHub/Sistemas-Transaccionales/wildfly-10.1.0.Final/standalone/log/boot.log
	org.jboss.logmanager.nocolor = true
	org.jboss.resolver.warning = true
	org.xml.sax.driver = __redirected.__XMLReaderFactory
	os.arch = amd64
	os.name = Windows 10
	os.version = 10.0
	path.separator = ;
	program.name = JBossTools: WildFly 10.x
	sun.arch.data.model = 64
	sun.boot.class.path = C:\Program Files\Java\jdk1.8.0_131\jre\lib\resources.jar;C:\Program Files\Java\jdk1.8.0_131\jre\lib\rt.jar;C:\Program Files\Java\jdk1.8.0_131\jre\lib\sunrsasign.jar;C:\Program Files\Java\jdk1.8.0_131\jre\lib\jsse.jar;C:\Program Files\Java\jdk1.8.0_131\jre\lib\jce.jar;C:\Program Files\Java\jdk1.8.0_131\jre\lib\charsets.jar;C:\Program Files\Java\jdk1.8.0_131\jre\lib\jfr.jar;C:\Program Files\Java\jdk1.8.0_131\jre\classes
	sun.boot.library.path = C:\Program Files\Java\jdk1.8.0_131\jre\bin
	sun.cpu.endian = little
	sun.cpu.isalist = amd64
	sun.desktop = windows
	sun.io.unicode.encoding = UnicodeLittle
	sun.java.command = org.jboss.modules.Main -mp C:/Users/Mariana/Documents/GitHub/Sistemas-Transaccionales/wildfly-10.1.0.Final/modules org.jboss.as.standalone -b localhost --server-config=standalone.xml -Djboss.server.base.dir=C:\Users\Mariana\Documents\GitHub\Sistemas-Transaccionales\wildfly-10.1.0.Final\standalone
	sun.java.launcher = SUN_STANDARD
	sun.jnu.encoding = Cp1252
	sun.management.compiler = HotSpot 64-Bit Tiered Compilers
	sun.os.patch.level = 
	sun.rmi.dgc.client.gcInterval = 3600000
	sun.rmi.dgc.server.gcInterval = 3600000
	user.country = ES
	user.country.format = US
	user.dir = C:\Users\Mariana\Documents\GitHub\Sistemas-Transaccionales\wildfly-10.1.0.Final\bin
	user.home = C:\Users\Mariana
	user.language = es
	user.language.format = en
	user.name = Mariana
	user.script = 
	user.timezone = America/Bogota
	user.variant = 
2017-05-02 05:16:07,618 DEBUG [org.jboss.as.config] (MSC service thread 1-6) VM Arguments: -Dprogram.name=JBossTools: WildFly 10.x -Xms64m -Xmx512m -Dorg.jboss.resolver.warning=true -Djava.net.preferIPv4Stack=true -Dsun.rmi.dgc.client.gcInterval=3600000 -Dsun.rmi.dgc.server.gcInterval=3600000 -Djboss.modules.system.pkgs=org.jboss.byteman -Djava.awt.headless=true -Dorg.jboss.boot.log.file=C:/Users/Mariana/Documents/GitHub/Sistemas-Transaccionales/wildfly-10.1.0.Final/standalone/log/boot.log -Dlogging.configuration=file:/C:/Users/Mariana/Documents/GitHub/Sistemas-Transaccionales/wildfly-10.1.0.Final/standalone/configuration/logging.properties -Djboss.home.dir=C:/Users/Mariana/Documents/GitHub/Sistemas-Transaccionales/wildfly-10.1.0.Final -Dorg.jboss.logmanager.nocolor=true -Djboss.bind.address.management=localhost -Dfile.encoding=Cp1252 
2017-05-02 05:16:15,681 INFO  [org.jboss.as.server.deployment.scanner] (DeploymentScanner-threads - 1) WFLYDS0015: Re-attempting failed deployment FestivAndes.war
2017-05-02 05:16:15,693 INFO  [org.jboss.as.server.deployment.scanner] (DeploymentScanner-threads - 1) WFLYDS0015: Re-attempting failed deployment VideoAndes.war
2017-05-02 05:16:15,731 INFO  [org.jboss.as.server.deployment.scanner] (DeploymentScanner-threads - 1) WFLYDS0004: Found FestivAndes.war in deployment directory. To trigger deployment create a file called FestivAndes.war.dodeploy
2017-05-02 05:16:15,732 INFO  [org.jboss.as.server.deployment.scanner] (DeploymentScanner-threads - 1) WFLYDS0004: Found VideoAndes.war in deployment directory. To trigger deployment create a file called VideoAndes.war.dodeploy
2017-05-02 05:16:15,832 INFO  [org.jboss.as.server] (Controller Boot Thread) WFLYSRV0039: Creating http management service using socket-binding (management-http)
2017-05-02 05:16:15,997 INFO  [org.xnio] (MSC service thread 1-1) XNIO version 3.4.0.Final
2017-05-02 05:16:16,013 INFO  [org.xnio.nio] (MSC service thread 1-1) XNIO NIO Implementation Version 3.4.0.Final
2017-05-02 05:16:16,649 WARN  [org.jboss.as.txn] (ServerService Thread Pool -- 54) WFLYTX0013: Node identifier property is set to the default value. Please make sure it is unique.
2017-05-02 05:16:16,649 INFO  [org.jboss.as.clustering.infinispan] (ServerService Thread Pool -- 38) WFLYCLINF0001: Activating Infinispan subsystem.
2017-05-02 05:16:16,679 INFO  [org.jboss.as.webservices] (ServerService Thread Pool -- 56) WFLYWS0002: Activating WebServices Extension
2017-05-02 05:16:16,684 INFO  [org.jboss.as.jsf] (ServerService Thread Pool -- 44) WFLYJSF0007: Activated the following JSF Implementations: [main]
2017-05-02 05:16:16,730 INFO  [org.wildfly.extension.io] (ServerService Thread Pool -- 37) WFLYIO001: Worker 'default' has auto-configured to 8 core threads with 64 task threads based on your 4 available processors
2017-05-02 05:16:16,850 INFO  [org.jboss.as.naming] (ServerService Thread Pool -- 46) WFLYNAM0001: Activating Naming Subsystem
2017-05-02 05:16:16,998 INFO  [org.jboss.as.naming] (MSC service thread 1-5) WFLYNAM0003: Starting Naming Service
2017-05-02 05:16:16,998 INFO  [org.jboss.as.mail.extension] (MSC service thread 1-6) WFLYMAIL0001: Bound mail session [java:jboss/mail/Default]
2017-05-02 05:16:17,050 INFO  [org.jboss.as.security] (ServerService Thread Pool -- 53) WFLYSEC0002: Activating Security Subsystem
2017-05-02 05:16:17,241 INFO  [org.jboss.as.security] (MSC service thread 1-3) WFLYSEC0001: Current PicketBox version=4.9.6.Final
2017-05-02 05:16:17,581 INFO  [org.jboss.as.connector] (MSC service thread 1-3) WFLYJCA0009: Starting JCA Subsystem (WildFly/IronJacamar 1.3.4.Final)
2017-05-02 05:16:17,612 INFO  [org.wildfly.extension.undertow] (MSC service thread 1-6) WFLYUT0003: Undertow 1.4.0.Final starting
2017-05-02 05:16:17,866 INFO  [org.jboss.as.connector.subsystems.datasources] (ServerService Thread Pool -- 33) WFLYJCA0004: Deploying JDBC-compliant driver class org.h2.Driver (version 1.3)
2017-05-02 05:16:17,873 INFO  [org.jboss.as.connector.deployers.jdbc] (MSC service thread 1-8) WFLYJCA0018: Started Driver service with driver-name = h2
2017-05-02 05:16:20,292 INFO  [org.wildfly.extension.undertow] (ServerService Thread Pool -- 55) WFLYUT0014: Creating file handler for path 'C:\Users\Mariana\Documents\GitHub\Sistemas-Transaccionales\wildfly-10.1.0.Final/welcome-content' with options [directory-listing: 'false', follow-symlink: 'false', case-sensitive: 'true', safe-symlink-paths: '[]']
2017-05-02 05:16:22,086 INFO  [org.jboss.as.ejb3] (MSC service thread 1-6) WFLYEJB0481: Strict pool slsb-strict-max-pool is using a max instance size of 64 (per class), which is derived from thread worker pool sizing.
2017-05-02 05:16:22,086 INFO  [org.jboss.as.ejb3] (MSC service thread 1-5) WFLYEJB0482: Strict pool mdb-strict-max-pool is using a max instance size of 16 (per class), which is derived from the number of CPUs on this host.
2017-05-02 05:16:22,139 INFO  [org.jboss.remoting] (MSC service thread 1-2) JBoss Remoting version 4.0.21.Final
2017-05-02 05:16:22,802 INFO  [org.wildfly.extension.undertow] (MSC service thread 1-7) WFLYUT0012: Started server default-server.
2017-05-02 05:16:22,817 INFO  [org.wildfly.extension.undertow] (MSC service thread 1-7) WFLYUT0018: Host default-host starting
2017-05-02 05:16:28,339 INFO  [org.jboss.as.connector.subsystems.datasources] (MSC service thread 1-3) WFLYJCA0001: Bound data source [java:jboss/datasources/ExampleDS]
2017-05-02 05:16:29,267 ERROR [org.jboss.msc.service.fail] (MSC service thread 1-4) MSC000001: Failed to start service jboss.undertow.listener.default: org.jboss.msc.service.StartException in service jboss.undertow.listener.default: Address already in use: bind localhost/127.0.0.1:8080
	at org.wildfly.extension.undertow.ListenerService.start(ListenerService.java:151)
	at org.jboss.msc.service.ServiceControllerImpl$StartTask.startService(ServiceControllerImpl.java:1948)
	at org.jboss.msc.service.ServiceControllerImpl$StartTask.run(ServiceControllerImpl.java:1881)
	at java.util.concurrent.ThreadPoolExecutor.runWorker(ThreadPoolExecutor.java:1142)
	at java.util.concurrent.ThreadPoolExecutor$Worker.run(ThreadPoolExecutor.java:617)
	at java.lang.Thread.run(Thread.java:748)

2017-05-02 05:16:33,787 WARN  [org.jboss.as.domain.management.security] (MSC service thread 1-6) WFLYDM0111: Keystore C:\Users\Mariana\Documents\GitHub\Sistemas-Transaccionales\wildfly-10.1.0.Final\standalone\configuration\application.keystore not found, it will be auto generated on first use with a self signed certificate for host localhost
2017-05-02 05:16:33,966 INFO  [org.jboss.as.server.deployment] (MSC service thread 1-3) WFLYSRV0027: Starting deployment of "FestivAndes.war" (runtime-name: "FestivAndes.war")
2017-05-02 05:16:33,966 INFO  [org.jboss.as.server.deployment] (MSC service thread 1-4) WFLYSRV0027: Starting deployment of "VideoAndes.war" (runtime-name: "VideoAndes.war")
2017-05-02 05:16:33,987 INFO  [org.jboss.as.server.deployment.scanner] (MSC service thread 1-6) WFLYDS0013: Started FileSystemDeploymentService for directory C:\Users\Mariana\Documents\GitHub\Sistemas-Transaccionales\wildfly-10.1.0.Final\standalone\deployments
2017-05-02 05:16:35,658 INFO  [org.infinispan.factories.GlobalComponentRegistry] (MSC service thread 1-7) ISPN000128: Infinispan version: Infinispan 'Chakra' 8.2.4.Final
2017-05-02 05:16:35,858 INFO  [org.infinispan.configuration.cache.EvictionConfigurationBuilder] (ServerService Thread Pool -- 66) ISPN000152: Passivation configured without an eviction policy being selected. Only manually evicted entities will be passivated.
2017-05-02 05:16:35,858 INFO  [org.infinispan.configuration.cache.EvictionConfigurationBuilder] (ServerService Thread Pool -- 65) ISPN000152: Passivation configured without an eviction policy being selected. Only manually evicted entities will be passivated.
2017-05-02 05:16:35,858 INFO  [org.infinispan.configuration.cache.EvictionConfigurationBuilder] (ServerService Thread Pool -- 65) ISPN000152: Passivation configured without an eviction policy being selected. Only manually evicted entities will be passivated.
2017-05-02 05:16:35,858 INFO  [org.infinispan.configuration.cache.EvictionConfigurationBuilder] (ServerService Thread Pool -- 66) ISPN000152: Passivation configured without an eviction policy being selected. Only manually evicted entities will be passivated.
2017-05-02 05:16:35,858 INFO  [org.infinispan.configuration.cache.EvictionConfigurationBuilder] (ServerService Thread Pool -- 62) ISPN000152: Passivation configured without an eviction policy being selected. Only manually evicted entities will be passivated.
2017-05-02 05:16:35,858 INFO  [org.infinispan.configuration.cache.EvictionConfigurationBuilder] (ServerService Thread Pool -- 62) ISPN000152: Passivation configured without an eviction policy being selected. Only manually evicted entities will be passivated.
2017-05-02 05:16:36,175 INFO  [org.wildfly.extension.undertow] (MSC service thread 1-1) WFLYUT0006: Undertow HTTPS listener https listening on 127.0.0.1:8443
2017-05-02 05:16:36,743 ERROR [org.jboss.as.controller.management-operation] (Controller Boot Thread) WFLYCTL0013: Operation ("add") failed - address: ([("subsystem" => "webservices")]) - failure description: {
    "WFLYCTL0180: Services with missing/unavailable dependencies" => undefined,
    "WFLYCTL0288: One or more services were unable to start due to one or more indirect dependencies not being available." => {
        "Services that were unable to start:" => ["jboss.ws.config"],
        "Services that may be the cause:" => ["jboss.remoting.remotingConnectorInfoService.http-remoting-connector"]
    }
}
2017-05-02 05:16:36,745 ERROR [org.jboss.as.controller.management-operation] (Controller Boot Thread) WFLYCTL0013: Operation ("deploy") failed - address: ([("deployment" => "FestivAndes.war")]) - failure description: {
    "WFLYCTL0180: Services with missing/unavailable dependencies" => undefined,
    "WFLYCTL0288: One or more services were unable to start due to one or more indirect dependencies not being available." => {
        "Services that were unable to start:" => ["jboss.deployment.unit.\"FestivAndes.war\".PARSE"],
        "Services that may be the cause:" => ["jboss.remoting.remotingConnectorInfoService.http-remoting-connector"]
    }
}
2017-05-02 05:16:36,747 ERROR [org.jboss.as.controller.management-operation] (Controller Boot Thread) WFLYCTL0013: Operation ("deploy") failed - address: ([("deployment" => "VideoAndes.war")]) - failure description: {
    "WFLYCTL0180: Services with missing/unavailable dependencies" => undefined,
    "WFLYCTL0288: One or more services were unable to start due to one or more indirect dependencies not being available." => {
        "Services that were unable to start:" => ["jboss.deployment.unit.\"VideoAndes.war\".PARSE"],
        "Services that may be the cause:" => ["jboss.remoting.remotingConnectorInfoService.http-remoting-connector"]
    }
}
2017-05-02 05:16:36,748 ERROR [org.jboss.as.controller.management-operation] (Controller Boot Thread) WFLYCTL0013: Operation ("add") failed - address: ([
    ("subsystem" => "undertow"),
    ("server" => "default-server"),
    ("http-listener" => "default")
]) - failure description: {
    "WFLYCTL0080: Failed services" => {"jboss.undertow.listener.default" => "org.jboss.msc.service.StartException in service jboss.undertow.listener.default: Address already in use: bind localhost/127.0.0.1:8080"},
    "WFLYCTL0412: Required services that are not installed:" => ["jboss.undertow.listener.default"],
    "WFLYCTL0180: Services with missing/unavailable dependencies" => undefined
}
2017-05-02 05:16:36,750 ERROR [org.jboss.as.controller.management-operation] (Controller Boot Thread) WFLYCTL0013: Operation ("add") failed - address: ([("subsystem" => "ejb3")]) - failure description: {
    "WFLYCTL0180: Services with missing/unavailable dependencies" => undefined,
    "WFLYCTL0288: One or more services were unable to start due to one or more indirect dependencies not being available." => {
        "Services that were unable to start:" => [
            "jboss.ejb.default-local-ejb-receiver-service",
            "jboss.ejb3.ejbClientContext.default",
            "jboss.ejb3.localEjbReceiver.value"
        ],
        "Services that may be the cause:" => ["jboss.remoting.remotingConnectorInfoService.http-remoting-connector"]
    }
}
2017-05-02 05:16:36,751 ERROR [org.jboss.as.controller.management-operation] (Controller Boot Thread) WFLYCTL0013: Operation ("add") failed - address: ([
    ("subsystem" => "ejb3"),
    ("service" => "remote")
]) - failure description: {
    "WFLYCTL0412: Required services that are not installed:" => ["jboss.remoting.remotingConnectorInfoService.http-remoting-connector"],
    "WFLYCTL0180: Services with missing/unavailable dependencies" => ["jboss.ejb3.connector is missing [jboss.remoting.remotingConnectorInfoService.http-remoting-connector]"]
}
2017-05-02 05:16:36,794 INFO  [org.jboss.as.server] (ServerService Thread Pool -- 34) WFLYSRV0010: Deployed "VideoAndes.war" (runtime-name : "VideoAndes.war")
2017-05-02 05:16:36,794 INFO  [org.jboss.as.server] (ServerService Thread Pool -- 34) WFLYSRV0010: Deployed "FestivAndes.war" (runtime-name : "FestivAndes.war")
2017-05-02 05:16:36,798 INFO  [org.jboss.as.controller] (Controller Boot Thread) WFLYCTL0183: Service status report
WFLYCTL0184:    New missing/unsatisfied dependencies:
      service jboss.remoting.remotingConnectorInfoService.http-remoting-connector (missing) dependents: [service jboss.ejb3.connector] 
WFLYCTL0186:   Services which failed to start:      service jboss.undertow.listener.default: org.jboss.msc.service.StartException in service jboss.undertow.listener.default: Address already in use: bind localhost/127.0.0.1:8080

2017-05-02 05:16:36,929 INFO  [org.jboss.as] (Controller Boot Thread) WFLYSRV0060: Http management interface listening on http://127.0.0.1:9990/management
2017-05-02 05:16:36,930 INFO  [org.jboss.as] (Controller Boot Thread) WFLYSRV0051: Admin console listening on http://127.0.0.1:9990
2017-05-02 05:16:36,930 ERROR [org.jboss.as] (Controller Boot Thread) WFLYSRV0026: WildFly Full 10.1.0.Final (WildFly Core 2.2.0.Final) started (with errors) in 29914ms - Started 326 of 583 services (8 services failed or missing dependencies, 393 services are lazy, passive or on-demand)
2017-05-02 05:16:37,002 INFO  [org.jboss.as.server.deployment] (MSC service thread 1-1) WFLYSRV0028: Stopped deployment FestivAndes.war (runtime-name: FestivAndes.war) in 34ms
2017-05-02 05:16:37,010 INFO  [org.jboss.as.server.deployment] (MSC service thread 1-2) WFLYSRV0028: Stopped deployment VideoAndes.war (runtime-name: VideoAndes.war) in 41ms
2017-05-02 05:16:37,304 WARN  [org.jboss.as.controller] (DeploymentScanner-threads - 1) WFLYCTL0357: Notification of type deployment-undeployed is not described for the resource at the address []
2017-05-02 05:16:37,304 WARN  [org.jboss.as.controller] (DeploymentScanner-threads - 1) WFLYCTL0357: Notification of type deployment-undeployed is not described for the resource at the address []
2017-05-02 05:16:37,304 INFO  [org.jboss.as.server] (DeploymentScanner-threads - 1) WFLYSRV0009: Undeployed "VideoAndes.war" (runtime-name: "VideoAndes.war")
2017-05-02 05:16:37,304 INFO  [org.jboss.as.server] (DeploymentScanner-threads - 1) WFLYSRV0009: Undeployed "FestivAndes.war" (runtime-name: "FestivAndes.war")
2017-05-02 05:16:37,304 INFO  [org.jboss.as.controller] (DeploymentScanner-threads - 1) WFLYCTL0183: Service status report
WFLYCTL0186:   Services which failed to start:      service jboss.undertow.listener.default: org.jboss.msc.service.StartException in service jboss.undertow.listener.default: Address already in use: bind localhost/127.0.0.1:8080

2017-05-02 05:16:41,871 INFO  [org.jboss.as.server.deployment.scanner] (DeploymentScanner-threads - 1) WFLYDS0004: Found FestivAndes.war in deployment directory. To trigger deployment create a file called FestivAndes.war.dodeploy
2017-05-02 05:16:41,871 INFO  [org.jboss.as.server.deployment.scanner] (DeploymentScanner-threads - 1) WFLYDS0004: Found VideoAndes.war in deployment directory. To trigger deployment create a file called VideoAndes.war.dodeploy
2017-05-02 07:07:22,908 INFO  [org.jboss.modules] (main) JBoss Modules version 1.5.2.Final
2017-05-02 07:07:26,816 INFO  [org.jboss.msc] (main) JBoss MSC version 1.2.6.Final
2017-05-02 07:07:27,452 INFO  [org.jboss.as] (MSC service thread 1-7) WFLYSRV0049: WildFly Full 10.1.0.Final (WildFly Core 2.2.0.Final) starting
2017-05-02 07:07:27,484 DEBUG [org.jboss.as.config] (MSC service thread 1-7) Configured system properties:
	awt.toolkit = sun.awt.windows.WToolkit
	file.encoding = Cp1252
	file.encoding.pkg = sun.io
	file.separator = \
	java.awt.graphicsenv = sun.awt.Win32GraphicsEnvironment
	java.awt.headless = true
	java.awt.printerjob = sun.awt.windows.WPrinterJob
	java.class.path = C:\Users\Mariana\Documents\GitHub\Sistemas-Transaccionales\wildfly-10.1.0.Final\jboss-modules.jar
	java.class.version = 52.0
	java.endorsed.dirs = C:\Program Files\Java\jdk1.8.0_131\jre\lib\endorsed
	java.ext.dirs = C:\Program Files\Java\jdk1.8.0_131\jre\lib\ext;C:\WINDOWS\Sun\Java\lib\ext
	java.home = C:\Program Files\Java\jdk1.8.0_131\jre
	java.io.tmpdir = C:\Users\Mariana\AppData\Local\Temp\
	java.library.path = C:\Program Files\Java\jdk1.8.0_131\bin;C:\WINDOWS\Sun\Java\bin;C:\WINDOWS\system32;C:\WINDOWS;native;C:/Program Files/Java/jre1.8.0_121/bin/server;C:/Program Files/Java/jre1.8.0_121/bin;C:/Program Files/Java/jre1.8.0_121/lib/amd64;C:\oraclexe\app\oracle\product\11.2.0\server\bin;;C:\ProgramData\Oracle\Java\javapath;C:\Program Files (x86)\Lenovo\FusionEngine;C:\WINDOWS\system32;C:\WINDOWS;C:\WINDOWS\System32\Wbem;C:\WINDOWS\System32\WindowsPowerShell\v1.0\;C:\WINDOWS\system32\config\systemprofile\.dnx\bin;C:\Program Files\Microsoft DNX\Dnvm\;C:\Program Files\Microsoft SQL Server\130\Tools\Binn\;C:\Program Files (x86)\Windows Kits\8.1\Windows Performance Toolkit\;C:\Program Files\Intel\WiFi\bin\;C:\Program Files\Common Files\Intel\WirelessCommon\;C:\Users\Mariana\AppData\Local\Microsoft\WindowsApps;;C:\Users\Mariana\Desktop;;.
	java.net.preferIPv4Stack = true
	java.runtime.name = Java(TM) SE Runtime Environment
	java.runtime.version = 1.8.0_131-b11
	java.specification.name = Java Platform API Specification
	java.specification.vendor = Oracle Corporation
	java.specification.version = 1.8
	java.util.logging.manager = org.jboss.logmanager.LogManager
	java.vendor = Oracle Corporation
	java.vendor.url = http://java.oracle.com/
	java.vendor.url.bug = http://bugreport.sun.com/bugreport/
	java.version = 1.8.0_131
	java.vm.info = mixed mode
	java.vm.name = Java HotSpot(TM) 64-Bit Server VM
	java.vm.specification.name = Java Virtual Machine Specification
	java.vm.specification.vendor = Oracle Corporation
	java.vm.specification.version = 1.8
	java.vm.vendor = Oracle Corporation
	java.vm.version = 25.131-b11
	javax.management.builder.initial = org.jboss.as.jmx.PluggableMBeanServerBuilder
	javax.xml.datatype.DatatypeFactory = __redirected.__DatatypeFactory
	javax.xml.parsers.DocumentBuilderFactory = __redirected.__DocumentBuilderFactory
	javax.xml.parsers.SAXParserFactory = __redirected.__SAXParserFactory
	javax.xml.stream.XMLEventFactory = __redirected.__XMLEventFactory
	javax.xml.stream.XMLInputFactory = __redirected.__XMLInputFactory
	javax.xml.stream.XMLOutputFactory = __redirected.__XMLOutputFactory
	javax.xml.transform.TransformerFactory = __redirected.__TransformerFactory
	javax.xml.validation.SchemaFactory:http://www.w3.org/2001/XMLSchema = __redirected.__SchemaFactory
	javax.xml.xpath.XPathFactory:http://java.sun.com/jaxp/xpath/dom = __redirected.__XPathFactory
	jboss.bind.address = localhost
	jboss.bind.address.management = localhost
	jboss.home.dir = C:\Users\Mariana\Documents\GitHub\Sistemas-Transaccionales\wildfly-10.1.0.Final
	jboss.host.name = laptop-uicf0p4o
	jboss.modules.dir = C:\Users\Mariana\Documents\GitHub\Sistemas-Transaccionales\wildfly-10.1.0.Final\modules
	jboss.modules.system.pkgs = org.jboss.byteman
	jboss.node.name = laptop-uicf0p4o
	jboss.qualified.host.name = laptop-uicf0p4o
	jboss.server.base.dir = C:\Users\Mariana\Documents\GitHub\Sistemas-Transaccionales\wildfly-10.1.0.Final\standalone
	jboss.server.config.dir = C:\Users\Mariana\Documents\GitHub\Sistemas-Transaccionales\wildfly-10.1.0.Final\standalone\configuration
	jboss.server.data.dir = C:\Users\Mariana\Documents\GitHub\Sistemas-Transaccionales\wildfly-10.1.0.Final\standalone\data
	jboss.server.deploy.dir = C:\Users\Mariana\Documents\GitHub\Sistemas-Transaccionales\wildfly-10.1.0.Final\standalone\data\content
	jboss.server.log.dir = C:\Users\Mariana\Documents\GitHub\Sistemas-Transaccionales\wildfly-10.1.0.Final\standalone\log
	jboss.server.name = laptop-uicf0p4o
	jboss.server.persist.config = true
	jboss.server.temp.dir = C:\Users\Mariana\Documents\GitHub\Sistemas-Transaccionales\wildfly-10.1.0.Final\standalone\tmp
	line.separator = 

	logging.configuration = file:/C:/Users/Mariana/Documents/GitHub/Sistemas-Transaccionales/wildfly-10.1.0.Final/standalone/configuration/logging.properties
	module.path = C:/Users/Mariana/Documents/GitHub/Sistemas-Transaccionales/wildfly-10.1.0.Final/modules
	org.jboss.boot.log.file = C:/Users/Mariana/Documents/GitHub/Sistemas-Transaccionales/wildfly-10.1.0.Final/standalone/log/boot.log
	org.jboss.logmanager.nocolor = true
	org.jboss.resolver.warning = true
	org.xml.sax.driver = __redirected.__XMLReaderFactory
	os.arch = amd64
	os.name = Windows 10
	os.version = 10.0
	path.separator = ;
	program.name = JBossTools: WildFly 10.x
	sun.arch.data.model = 64
	sun.boot.class.path = C:\Program Files\Java\jdk1.8.0_131\jre\lib\resources.jar;C:\Program Files\Java\jdk1.8.0_131\jre\lib\rt.jar;C:\Program Files\Java\jdk1.8.0_131\jre\lib\sunrsasign.jar;C:\Program Files\Java\jdk1.8.0_131\jre\lib\jsse.jar;C:\Program Files\Java\jdk1.8.0_131\jre\lib\jce.jar;C:\Program Files\Java\jdk1.8.0_131\jre\lib\charsets.jar;C:\Program Files\Java\jdk1.8.0_131\jre\lib\jfr.jar;C:\Program Files\Java\jdk1.8.0_131\jre\classes
	sun.boot.library.path = C:\Program Files\Java\jdk1.8.0_131\jre\bin
	sun.cpu.endian = little
	sun.cpu.isalist = amd64
	sun.desktop = windows
	sun.io.unicode.encoding = UnicodeLittle
	sun.java.command = org.jboss.modules.Main -mp C:/Users/Mariana/Documents/GitHub/Sistemas-Transaccionales/wildfly-10.1.0.Final/modules org.jboss.as.standalone -b localhost --server-config=standalone.xml -Djboss.server.base.dir=C:\Users\Mariana\Documents\GitHub\Sistemas-Transaccionales\wildfly-10.1.0.Final\standalone
	sun.java.launcher = SUN_STANDARD
	sun.jnu.encoding = Cp1252
	sun.management.compiler = HotSpot 64-Bit Tiered Compilers
	sun.os.patch.level = 
	sun.rmi.dgc.client.gcInterval = 3600000
	sun.rmi.dgc.server.gcInterval = 3600000
	user.country = ES
	user.country.format = US
	user.dir = C:\Users\Mariana\Documents\GitHub\Sistemas-Transaccionales\wildfly-10.1.0.Final\bin
	user.home = C:\Users\Mariana
	user.language = es
	user.language.format = en
	user.name = Mariana
	user.script = 
	user.timezone = America/Bogota
	user.variant = 
2017-05-02 07:07:27,484 DEBUG [org.jboss.as.config] (MSC service thread 1-7) VM Arguments: -Dprogram.name=JBossTools: WildFly 10.x -Xms64m -Xmx512m -Dorg.jboss.resolver.warning=true -Djava.net.preferIPv4Stack=true -Dsun.rmi.dgc.client.gcInterval=3600000 -Dsun.rmi.dgc.server.gcInterval=3600000 -Djboss.modules.system.pkgs=org.jboss.byteman -Djava.awt.headless=true -Dorg.jboss.boot.log.file=C:/Users/Mariana/Documents/GitHub/Sistemas-Transaccionales/wildfly-10.1.0.Final/standalone/log/boot.log -Dlogging.configuration=file:/C:/Users/Mariana/Documents/GitHub/Sistemas-Transaccionales/wildfly-10.1.0.Final/standalone/configuration/logging.properties -Djboss.home.dir=C:/Users/Mariana/Documents/GitHub/Sistemas-Transaccionales/wildfly-10.1.0.Final -Dorg.jboss.logmanager.nocolor=true -Djboss.bind.address.management=localhost -Dfile.encoding=Cp1252 
2017-05-02 07:07:57,560 INFO  [org.jboss.as.server.deployment.scanner] (DeploymentScanner-threads - 1) WFLYDS0015: Re-attempting failed deployment FestivAndes.war
2017-05-02 07:07:57,924 INFO  [org.jboss.as.server.deployment.scanner] (DeploymentScanner-threads - 1) WFLYDS0015: Re-attempting failed deployment VideoAndes.war
2017-05-02 07:07:58,293 INFO  [org.jboss.as.server.deployment.scanner] (DeploymentScanner-threads - 1) WFLYDS0004: Found FestivAndes.war in deployment directory. To trigger deployment create a file called FestivAndes.war.dodeploy
2017-05-02 07:07:58,293 INFO  [org.jboss.as.server.deployment.scanner] (DeploymentScanner-threads - 1) WFLYDS0004: Found VideoAndes.war in deployment directory. To trigger deployment create a file called VideoAndes.war.dodeploy
2017-05-02 07:07:58,458 INFO  [org.jboss.as.server] (Controller Boot Thread) WFLYSRV0039: Creating http management service using socket-binding (management-http)
2017-05-02 07:07:58,696 INFO  [org.xnio] (MSC service thread 1-7) XNIO version 3.4.0.Final
2017-05-02 07:07:58,717 INFO  [org.xnio.nio] (MSC service thread 1-7) XNIO NIO Implementation Version 3.4.0.Final
2017-05-02 07:07:59,159 INFO  [org.jboss.as.clustering.infinispan] (ServerService Thread Pool -- 38) WFLYCLINF0001: Activating Infinispan subsystem.
2017-05-02 07:07:59,163 WARN  [org.jboss.as.txn] (ServerService Thread Pool -- 54) WFLYTX0013: Node identifier property is set to the default value. Please make sure it is unique.
2017-05-02 07:07:59,178 INFO  [org.jboss.as.security] (ServerService Thread Pool -- 53) WFLYSEC0002: Activating Security Subsystem
2017-05-02 07:07:59,194 INFO  [org.wildfly.extension.io] (ServerService Thread Pool -- 37) WFLYIO001: Worker 'default' has auto-configured to 8 core threads with 64 task threads based on your 4 available processors
2017-05-02 07:07:59,194 INFO  [org.jboss.as.jsf] (ServerService Thread Pool -- 44) WFLYJSF0007: Activated the following JSF Implementations: [main]
2017-05-02 07:07:59,194 INFO  [org.jboss.as.webservices] (ServerService Thread Pool -- 56) WFLYWS0002: Activating WebServices Extension
2017-05-02 07:07:59,211 INFO  [org.jboss.as.security] (MSC service thread 1-8) WFLYSEC0001: Current PicketBox version=4.9.6.Final
2017-05-02 07:07:59,262 INFO  [org.jboss.as.naming] (ServerService Thread Pool -- 46) WFLYNAM0001: Activating Naming Subsystem
2017-05-02 07:07:59,826 INFO  [org.jboss.as.connector] (MSC service thread 1-4) WFLYJCA0009: Starting JCA Subsystem (WildFly/IronJacamar 1.3.4.Final)
2017-05-02 07:08:01,002 INFO  [org.wildfly.extension.undertow] (MSC service thread 1-4) WFLYUT0003: Undertow 1.4.0.Final starting
2017-05-02 07:08:01,124 INFO  [org.jboss.as.connector.subsystems.datasources] (ServerService Thread Pool -- 33) WFLYJCA0004: Deploying JDBC-compliant driver class org.h2.Driver (version 1.3)
2017-05-02 07:08:01,409 INFO  [org.jboss.as.connector.deployers.jdbc] (MSC service thread 1-2) WFLYJCA0018: Started Driver service with driver-name = h2
2017-05-02 07:08:01,963 INFO  [org.jboss.as.naming] (MSC service thread 1-2) WFLYNAM0003: Starting Naming Service
2017-05-02 07:08:01,967 INFO  [org.jboss.as.mail.extension] (MSC service thread 1-3) WFLYMAIL0001: Bound mail session [java:jboss/mail/Default]
2017-05-02 07:08:02,550 INFO  [org.wildfly.extension.undertow] (ServerService Thread Pool -- 55) WFLYUT0014: Creating file handler for path 'C:\Users\Mariana\Documents\GitHub\Sistemas-Transaccionales\wildfly-10.1.0.Final/welcome-content' with options [directory-listing: 'false', follow-symlink: 'false', case-sensitive: 'true', safe-symlink-paths: '[]']
2017-05-02 07:08:03,090 INFO  [org.jboss.as.ejb3] (MSC service thread 1-3) WFLYEJB0482: Strict pool mdb-strict-max-pool is using a max instance size of 16 (per class), which is derived from the number of CPUs on this host.
2017-05-02 07:08:03,090 INFO  [org.jboss.as.ejb3] (MSC service thread 1-2) WFLYEJB0481: Strict pool slsb-strict-max-pool is using a max instance size of 64 (per class), which is derived from thread worker pool sizing.
2017-05-02 07:08:04,159 INFO  [org.jboss.remoting] (MSC service thread 1-7) JBoss Remoting version 4.0.21.Final
2017-05-02 07:08:04,181 WARN  [org.jboss.as.domain.management.security] (MSC service thread 1-7) WFLYDM0111: Keystore C:\Users\Mariana\Documents\GitHub\Sistemas-Transaccionales\wildfly-10.1.0.Final\standalone\configuration\application.keystore not found, it will be auto generated on first use with a self signed certificate for host localhost
2017-05-02 07:08:04,228 INFO  [org.jboss.as.server.deployment] (MSC service thread 1-2) WFLYSRV0027: Starting deployment of "VideoAndes.war" (runtime-name: "VideoAndes.war")
2017-05-02 07:08:04,228 INFO  [org.jboss.as.server.deployment] (MSC service thread 1-3) WFLYSRV0027: Starting deployment of "FestivAndes.war" (runtime-name: "FestivAndes.war")
2017-05-02 07:08:04,248 INFO  [org.jboss.as.server.deployment.scanner] (MSC service thread 1-1) WFLYDS0013: Started FileSystemDeploymentService for directory C:\Users\Mariana\Documents\GitHub\Sistemas-Transaccionales\wildfly-10.1.0.Final\standalone\deployments
2017-05-02 07:08:04,479 INFO  [org.wildfly.extension.undertow] (MSC service thread 1-7) WFLYUT0012: Started server default-server.
2017-05-02 07:08:06,282 INFO  [org.infinispan.factories.GlobalComponentRegistry] (MSC service thread 1-6) ISPN000128: Infinispan version: Infinispan 'Chakra' 8.2.4.Final
2017-05-02 07:08:06,708 INFO  [org.wildfly.extension.undertow] (MSC service thread 1-1) WFLYUT0018: Host default-host starting
2017-05-02 07:08:06,924 INFO  [org.infinispan.configuration.cache.EvictionConfigurationBuilder] (ServerService Thread Pool -- 62) ISPN000152: Passivation configured without an eviction policy being selected. Only manually evicted entities will be passivated.
2017-05-02 07:08:06,924 INFO  [org.infinispan.configuration.cache.EvictionConfigurationBuilder] (ServerService Thread Pool -- 64) ISPN000152: Passivation configured without an eviction policy being selected. Only manually evicted entities will be passivated.
2017-05-02 07:08:06,924 INFO  [org.infinispan.configuration.cache.EvictionConfigurationBuilder] (ServerService Thread Pool -- 62) ISPN000152: Passivation configured without an eviction policy being selected. Only manually evicted entities will be passivated.
2017-05-02 07:08:06,924 INFO  [org.infinispan.configuration.cache.EvictionConfigurationBuilder] (ServerService Thread Pool -- 64) ISPN000152: Passivation configured without an eviction policy being selected. Only manually evicted entities will be passivated.
2017-05-02 07:08:06,924 INFO  [org.infinispan.configuration.cache.EvictionConfigurationBuilder] (ServerService Thread Pool -- 60) ISPN000152: Passivation configured without an eviction policy being selected. Only manually evicted entities will be passivated.
2017-05-02 07:08:06,939 INFO  [org.infinispan.configuration.cache.EvictionConfigurationBuilder] (ServerService Thread Pool -- 60) ISPN000152: Passivation configured without an eviction policy being selected. Only manually evicted entities will be passivated.
2017-05-02 07:08:07,048 ERROR [org.jboss.msc.service.fail] (MSC service thread 1-2) MSC000001: Failed to start service jboss.undertow.listener.default: org.jboss.msc.service.StartException in service jboss.undertow.listener.default: Address already in use: bind localhost/127.0.0.1:8080
	at org.wildfly.extension.undertow.ListenerService.start(ListenerService.java:151)
	at org.jboss.msc.service.ServiceControllerImpl$StartTask.startService(ServiceControllerImpl.java:1948)
	at org.jboss.msc.service.ServiceControllerImpl$StartTask.run(ServiceControllerImpl.java:1881)
	at java.util.concurrent.ThreadPoolExecutor.runWorker(ThreadPoolExecutor.java:1142)
	at java.util.concurrent.ThreadPoolExecutor$Worker.run(ThreadPoolExecutor.java:617)
	at java.lang.Thread.run(Thread.java:748)

2017-05-02 07:08:10,873 INFO  [org.jboss.as.connector.subsystems.datasources] (MSC service thread 1-1) WFLYJCA0001: Bound data source [java:jboss/datasources/ExampleDS]
2017-05-02 07:08:12,504 INFO  [org.wildfly.extension.undertow] (MSC service thread 1-3) WFLYUT0006: Undertow HTTPS listener https listening on 127.0.0.1:8443
2017-05-02 07:08:12,555 ERROR [org.jboss.as.controller.management-operation] (Controller Boot Thread) WFLYCTL0013: Operation ("deploy") failed - address: ([("deployment" => "FestivAndes.war")]) - failure description: {
    "WFLYCTL0180: Services with missing/unavailable dependencies" => undefined,
    "WFLYCTL0288: One or more services were unable to start due to one or more indirect dependencies not being available." => {
        "Services that were unable to start:" => ["jboss.deployment.unit.\"FestivAndes.war\".PARSE"],
        "Services that may be the cause:" => ["jboss.remoting.remotingConnectorInfoService.http-remoting-connector"]
    }
}
2017-05-02 07:08:12,555 ERROR [org.jboss.as.controller.management-operation] (Controller Boot Thread) WFLYCTL0013: Operation ("deploy") failed - address: ([("deployment" => "VideoAndes.war")]) - failure description: {
    "WFLYCTL0180: Services with missing/unavailable dependencies" => undefined,
    "WFLYCTL0288: One or more services were unable to start due to one or more indirect dependencies not being available." => {
        "Services that were unable to start:" => ["jboss.deployment.unit.\"VideoAndes.war\".PARSE"],
        "Services that may be the cause:" => ["jboss.remoting.remotingConnectorInfoService.http-remoting-connector"]
    }
}
2017-05-02 07:08:12,555 ERROR [org.jboss.as.controller.management-operation] (Controller Boot Thread) WFLYCTL0013: Operation ("add") failed - address: ([("subsystem" => "webservices")]) - failure description: {
    "WFLYCTL0180: Services with missing/unavailable dependencies" => undefined,
    "WFLYCTL0288: One or more services were unable to start due to one or more indirect dependencies not being available." => {
        "Services that were unable to start:" => ["jboss.ws.config"],
        "Services that may be the cause:" => ["jboss.remoting.remotingConnectorInfoService.http-remoting-connector"]
    }
}
2017-05-02 07:08:12,555 ERROR [org.jboss.as.controller.management-operation] (Controller Boot Thread) WFLYCTL0013: Operation ("add") failed - address: ([
    ("subsystem" => "undertow"),
    ("server" => "default-server"),
    ("http-listener" => "default")
]) - failure description: {
    "WFLYCTL0080: Failed services" => {"jboss.undertow.listener.default" => "org.jboss.msc.service.StartException in service jboss.undertow.listener.default: Address already in use: bind localhost/127.0.0.1:8080"},
    "WFLYCTL0412: Required services that are not installed:" => ["jboss.undertow.listener.default"],
    "WFLYCTL0180: Services with missing/unavailable dependencies" => undefined
}
2017-05-02 07:08:12,555 ERROR [org.jboss.as.controller.management-operation] (Controller Boot Thread) WFLYCTL0013: Operation ("add") failed - address: ([("subsystem" => "ejb3")]) - failure description: {
    "WFLYCTL0180: Services with missing/unavailable dependencies" => undefined,
    "WFLYCTL0288: One or more services were unable to start due to one or more indirect dependencies not being available." => {
        "Services that were unable to start:" => [
            "jboss.ejb.default-local-ejb-receiver-service",
            "jboss.ejb3.ejbClientContext.default",
            "jboss.ejb3.localEjbReceiver.value"
        ],
        "Services that may be the cause:" => ["jboss.remoting.remotingConnectorInfoService.http-remoting-connector"]
    }
}
2017-05-02 07:08:12,555 ERROR [org.jboss.as.controller.management-operation] (Controller Boot Thread) WFLYCTL0013: Operation ("add") failed - address: ([
    ("subsystem" => "ejb3"),
    ("service" => "remote")
]) - failure description: {
    "WFLYCTL0412: Required services that are not installed:" => ["jboss.remoting.remotingConnectorInfoService.http-remoting-connector"],
    "WFLYCTL0180: Services with missing/unavailable dependencies" => ["jboss.ejb3.connector is missing [jboss.remoting.remotingConnectorInfoService.http-remoting-connector]"]
}
2017-05-02 07:08:12,823 INFO  [org.jboss.as.server] (ServerService Thread Pool -- 34) WFLYSRV0010: Deployed "VideoAndes.war" (runtime-name : "VideoAndes.war")
2017-05-02 07:08:12,823 INFO  [org.jboss.as.server] (ServerService Thread Pool -- 34) WFLYSRV0010: Deployed "FestivAndes.war" (runtime-name : "FestivAndes.war")
2017-05-02 07:08:12,823 INFO  [org.jboss.as.controller] (Controller Boot Thread) WFLYCTL0183: Service status report
WFLYCTL0184:    New missing/unsatisfied dependencies:
      service jboss.remoting.remotingConnectorInfoService.http-remoting-connector (missing) dependents: [service jboss.ejb3.connector] 
WFLYCTL0186:   Services which failed to start:      service jboss.undertow.listener.default: org.jboss.msc.service.StartException in service jboss.undertow.listener.default: Address already in use: bind localhost/127.0.0.1:8080

2017-05-02 07:08:13,193 INFO  [org.jboss.as] (Controller Boot Thread) WFLYSRV0060: Http management interface listening on http://127.0.0.1:9990/management
2017-05-02 07:08:13,193 INFO  [org.jboss.as] (Controller Boot Thread) WFLYSRV0051: Admin console listening on http://127.0.0.1:9990
2017-05-02 07:08:13,193 ERROR [org.jboss.as] (Controller Boot Thread) WFLYSRV0026: WildFly Full 10.1.0.Final (WildFly Core 2.2.0.Final) started (with errors) in 54913ms - Started 326 of 583 services (8 services failed or missing dependencies, 393 services are lazy, passive or on-demand)
2017-05-02 07:08:13,355 INFO  [org.jboss.as.server.deployment] (MSC service thread 1-8) WFLYSRV0028: Stopped deployment FestivAndes.war (runtime-name: FestivAndes.war) in 19ms
2017-05-02 07:08:13,355 INFO  [org.jboss.as.server.deployment] (MSC service thread 1-7) WFLYSRV0028: Stopped deployment VideoAndes.war (runtime-name: VideoAndes.war) in 18ms
2017-05-02 07:08:13,517 WARN  [org.jboss.as.controller] (DeploymentScanner-threads - 1) WFLYCTL0357: Notification of type deployment-undeployed is not described for the resource at the address []
2017-05-02 07:08:13,517 WARN  [org.jboss.as.controller] (DeploymentScanner-threads - 1) WFLYCTL0357: Notification of type deployment-undeployed is not described for the resource at the address []
2017-05-02 07:08:13,520 INFO  [org.jboss.as.server] (DeploymentScanner-threads - 1) WFLYSRV0009: Undeployed "VideoAndes.war" (runtime-name: "VideoAndes.war")
2017-05-02 07:08:13,520 INFO  [org.jboss.as.server] (DeploymentScanner-threads - 1) WFLYSRV0009: Undeployed "FestivAndes.war" (runtime-name: "FestivAndes.war")
2017-05-02 07:08:13,520 INFO  [org.jboss.as.controller] (DeploymentScanner-threads - 1) WFLYCTL0183: Service status report
WFLYCTL0186:   Services which failed to start:      service jboss.undertow.listener.default: org.jboss.msc.service.StartException in service jboss.undertow.listener.default: Address already in use: bind localhost/127.0.0.1:8080

2017-05-02 07:08:17,934 INFO  [org.jboss.as.server.deployment.scanner] (DeploymentScanner-threads - 1) WFLYDS0004: Found FestivAndes.war in deployment directory. To trigger deployment create a file called FestivAndes.war.dodeploy
2017-05-02 07:08:17,934 INFO  [org.jboss.as.server.deployment.scanner] (DeploymentScanner-threads - 1) WFLYDS0004: Found VideoAndes.war in deployment directory. To trigger deployment create a file called VideoAndes.war.dodeploy
2017-05-02 07:34:39,407 INFO  [org.jboss.modules] (main) JBoss Modules version 1.5.2.Final
2017-05-02 07:34:39,638 INFO  [org.jboss.msc] (main) JBoss MSC version 1.2.6.Final
2017-05-02 07:34:39,708 INFO  [org.jboss.as] (MSC service thread 1-7) WFLYSRV0049: WildFly Full 10.1.0.Final (WildFly Core 2.2.0.Final) starting
2017-05-02 07:34:39,708 DEBUG [org.jboss.as.config] (MSC service thread 1-7) Configured system properties:
	awt.toolkit = sun.awt.windows.WToolkit
	file.encoding = Cp1252
	file.encoding.pkg = sun.io
	file.separator = \
	java.awt.graphicsenv = sun.awt.Win32GraphicsEnvironment
	java.awt.headless = true
	java.awt.printerjob = sun.awt.windows.WPrinterJob
	java.class.path = C:\Users\Mariana\Documents\GitHub\Sistemas-Transaccionales\wildfly-10.1.0.Final\jboss-modules.jar
	java.class.version = 52.0
	java.endorsed.dirs = C:\Program Files\Java\jdk1.8.0_131\jre\lib\endorsed
	java.ext.dirs = C:\Program Files\Java\jdk1.8.0_131\jre\lib\ext;C:\WINDOWS\Sun\Java\lib\ext
	java.home = C:\Program Files\Java\jdk1.8.0_131\jre
	java.io.tmpdir = C:\Users\Mariana\AppData\Local\Temp\
	java.library.path = C:\Program Files\Java\jdk1.8.0_131\bin;C:\WINDOWS\Sun\Java\bin;C:\WINDOWS\system32;C:\WINDOWS;native;C:/Program Files/Java/jre1.8.0_121/bin/server;C:/Program Files/Java/jre1.8.0_121/bin;C:/Program Files/Java/jre1.8.0_121/lib/amd64;C:\oraclexe\app\oracle\product\11.2.0\server\bin;;C:\ProgramData\Oracle\Java\javapath;C:\Program Files (x86)\Lenovo\FusionEngine;C:\WINDOWS\system32;C:\WINDOWS;C:\WINDOWS\System32\Wbem;C:\WINDOWS\System32\WindowsPowerShell\v1.0\;C:\WINDOWS\system32\config\systemprofile\.dnx\bin;C:\Program Files\Microsoft DNX\Dnvm\;C:\Program Files\Microsoft SQL Server\130\Tools\Binn\;C:\Program Files (x86)\Windows Kits\8.1\Windows Performance Toolkit\;C:\Program Files\Intel\WiFi\bin\;C:\Program Files\Common Files\Intel\WirelessCommon\;C:\Users\Mariana\AppData\Local\Microsoft\WindowsApps;;C:\Users\Mariana\Desktop;;.
	java.net.preferIPv4Stack = true
	java.runtime.name = Java(TM) SE Runtime Environment
	java.runtime.version = 1.8.0_131-b11
	java.specification.name = Java Platform API Specification
	java.specification.vendor = Oracle Corporation
	java.specification.version = 1.8
	java.util.logging.manager = org.jboss.logmanager.LogManager
	java.vendor = Oracle Corporation
	java.vendor.url = http://java.oracle.com/
	java.vendor.url.bug = http://bugreport.sun.com/bugreport/
	java.version = 1.8.0_131
	java.vm.info = mixed mode
	java.vm.name = Java HotSpot(TM) 64-Bit Server VM
	java.vm.specification.name = Java Virtual Machine Specification
	java.vm.specification.vendor = Oracle Corporation
	java.vm.specification.version = 1.8
	java.vm.vendor = Oracle Corporation
	java.vm.version = 25.131-b11
	javax.management.builder.initial = org.jboss.as.jmx.PluggableMBeanServerBuilder
	javax.xml.datatype.DatatypeFactory = __redirected.__DatatypeFactory
	javax.xml.parsers.DocumentBuilderFactory = __redirected.__DocumentBuilderFactory
	javax.xml.parsers.SAXParserFactory = __redirected.__SAXParserFactory
	javax.xml.stream.XMLEventFactory = __redirected.__XMLEventFactory
	javax.xml.stream.XMLInputFactory = __redirected.__XMLInputFactory
	javax.xml.stream.XMLOutputFactory = __redirected.__XMLOutputFactory
	javax.xml.transform.TransformerFactory = __redirected.__TransformerFactory
	javax.xml.validation.SchemaFactory:http://www.w3.org/2001/XMLSchema = __redirected.__SchemaFactory
	javax.xml.xpath.XPathFactory:http://java.sun.com/jaxp/xpath/dom = __redirected.__XPathFactory
	jboss.bind.address = localhost
	jboss.bind.address.management = localhost
	jboss.home.dir = C:\Users\Mariana\Documents\GitHub\Sistemas-Transaccionales\wildfly-10.1.0.Final
	jboss.host.name = laptop-uicf0p4o
	jboss.modules.dir = C:\Users\Mariana\Documents\GitHub\Sistemas-Transaccionales\wildfly-10.1.0.Final\modules
	jboss.modules.system.pkgs = org.jboss.byteman
	jboss.node.name = laptop-uicf0p4o
	jboss.qualified.host.name = laptop-uicf0p4o
	jboss.server.base.dir = C:\Users\Mariana\Documents\GitHub\Sistemas-Transaccionales\wildfly-10.1.0.Final\standalone
	jboss.server.config.dir = C:\Users\Mariana\Documents\GitHub\Sistemas-Transaccionales\wildfly-10.1.0.Final\standalone\configuration
	jboss.server.data.dir = C:\Users\Mariana\Documents\GitHub\Sistemas-Transaccionales\wildfly-10.1.0.Final\standalone\data
	jboss.server.deploy.dir = C:\Users\Mariana\Documents\GitHub\Sistemas-Transaccionales\wildfly-10.1.0.Final\standalone\data\content
	jboss.server.log.dir = C:\Users\Mariana\Documents\GitHub\Sistemas-Transaccionales\wildfly-10.1.0.Final\standalone\log
	jboss.server.name = laptop-uicf0p4o
	jboss.server.persist.config = true
	jboss.server.temp.dir = C:\Users\Mariana\Documents\GitHub\Sistemas-Transaccionales\wildfly-10.1.0.Final\standalone\tmp
	line.separator = 

	logging.configuration = file:/C:/Users/Mariana/Documents/GitHub/Sistemas-Transaccionales/wildfly-10.1.0.Final/standalone/configuration/logging.properties
	module.path = C:/Users/Mariana/Documents/GitHub/Sistemas-Transaccionales/wildfly-10.1.0.Final/modules
	org.jboss.boot.log.file = C:/Users/Mariana/Documents/GitHub/Sistemas-Transaccionales/wildfly-10.1.0.Final/standalone/log/boot.log
	org.jboss.logmanager.nocolor = true
	org.jboss.resolver.warning = true
	org.xml.sax.driver = __redirected.__XMLReaderFactory
	os.arch = amd64
	os.name = Windows 10
	os.version = 10.0
	path.separator = ;
	program.name = JBossTools: WildFly 10.x
	sun.arch.data.model = 64
	sun.boot.class.path = C:\Program Files\Java\jdk1.8.0_131\jre\lib\resources.jar;C:\Program Files\Java\jdk1.8.0_131\jre\lib\rt.jar;C:\Program Files\Java\jdk1.8.0_131\jre\lib\sunrsasign.jar;C:\Program Files\Java\jdk1.8.0_131\jre\lib\jsse.jar;C:\Program Files\Java\jdk1.8.0_131\jre\lib\jce.jar;C:\Program Files\Java\jdk1.8.0_131\jre\lib\charsets.jar;C:\Program Files\Java\jdk1.8.0_131\jre\lib\jfr.jar;C:\Program Files\Java\jdk1.8.0_131\jre\classes
	sun.boot.library.path = C:\Program Files\Java\jdk1.8.0_131\jre\bin
	sun.cpu.endian = little
	sun.cpu.isalist = amd64
	sun.desktop = windows
	sun.io.unicode.encoding = UnicodeLittle
	sun.java.command = org.jboss.modules.Main -mp C:/Users/Mariana/Documents/GitHub/Sistemas-Transaccionales/wildfly-10.1.0.Final/modules org.jboss.as.standalone -b localhost --server-config=standalone.xml -Djboss.server.base.dir=C:\Users\Mariana\Documents\GitHub\Sistemas-Transaccionales\wildfly-10.1.0.Final\standalone
	sun.java.launcher = SUN_STANDARD
	sun.jnu.encoding = Cp1252
	sun.management.compiler = HotSpot 64-Bit Tiered Compilers
	sun.os.patch.level = 
	sun.rmi.dgc.client.gcInterval = 3600000
	sun.rmi.dgc.server.gcInterval = 3600000
	user.country = ES
	user.country.format = US
	user.dir = C:\Users\Mariana\Documents\GitHub\Sistemas-Transaccionales\wildfly-10.1.0.Final\bin
	user.home = C:\Users\Mariana
	user.language = es
	user.language.format = en
	user.name = Mariana
	user.script = 
	user.timezone = America/Bogota
	user.variant = 
2017-05-02 07:34:39,712 DEBUG [org.jboss.as.config] (MSC service thread 1-7) VM Arguments: -Dprogram.name=JBossTools: WildFly 10.x -Xms64m -Xmx512m -Dorg.jboss.resolver.warning=true -Djava.net.preferIPv4Stack=true -Dsun.rmi.dgc.client.gcInterval=3600000 -Dsun.rmi.dgc.server.gcInterval=3600000 -Djboss.modules.system.pkgs=org.jboss.byteman -Djava.awt.headless=true -Dorg.jboss.boot.log.file=C:/Users/Mariana/Documents/GitHub/Sistemas-Transaccionales/wildfly-10.1.0.Final/standalone/log/boot.log -Dlogging.configuration=file:/C:/Users/Mariana/Documents/GitHub/Sistemas-Transaccionales/wildfly-10.1.0.Final/standalone/configuration/logging.properties -Djboss.home.dir=C:/Users/Mariana/Documents/GitHub/Sistemas-Transaccionales/wildfly-10.1.0.Final -Dorg.jboss.logmanager.nocolor=true -Djboss.bind.address.management=localhost -Dfile.encoding=Cp1252 
2017-05-02 07:34:41,346 INFO  [org.jboss.as.server.deployment.scanner] (DeploymentScanner-threads - 1) WFLYDS0015: Re-attempting failed deployment FestivAndes.war
2017-05-02 07:34:41,377 INFO  [org.jboss.as.server.deployment.scanner] (DeploymentScanner-threads - 1) WFLYDS0015: Re-attempting failed deployment VideoAndes.war
2017-05-02 07:34:41,382 INFO  [org.jboss.as.server.deployment.scanner] (DeploymentScanner-threads - 1) WFLYDS0004: Found FestivAndes.war in deployment directory. To trigger deployment create a file called FestivAndes.war.dodeploy
2017-05-02 07:34:41,383 INFO  [org.jboss.as.server.deployment.scanner] (DeploymentScanner-threads - 1) WFLYDS0004: Found VideoAndes.war in deployment directory. To trigger deployment create a file called VideoAndes.war.dodeploy
2017-05-02 07:34:41,414 INFO  [org.jboss.as.server] (Controller Boot Thread) WFLYSRV0039: Creating http management service using socket-binding (management-http)
2017-05-02 07:34:41,455 INFO  [org.xnio] (MSC service thread 1-1) XNIO version 3.4.0.Final
2017-05-02 07:34:41,463 INFO  [org.xnio.nio] (MSC service thread 1-1) XNIO NIO Implementation Version 3.4.0.Final
2017-05-02 07:34:41,514 INFO  [org.wildfly.extension.io] (ServerService Thread Pool -- 37) WFLYIO001: Worker 'default' has auto-configured to 8 core threads with 64 task threads based on your 4 available processors
2017-05-02 07:34:41,530 INFO  [org.jboss.as.connector.subsystems.datasources] (ServerService Thread Pool -- 33) WFLYJCA0004: Deploying JDBC-compliant driver class org.h2.Driver (version 1.3)
2017-05-02 07:34:41,649 INFO  [org.jboss.as.clustering.infinispan] (ServerService Thread Pool -- 38) WFLYCLINF0001: Activating Infinispan subsystem.
2017-05-02 07:34:41,691 INFO  [org.jboss.as.connector] (MSC service thread 1-7) WFLYJCA0009: Starting JCA Subsystem (WildFly/IronJacamar 1.3.4.Final)
2017-05-02 07:34:41,697 INFO  [org.jboss.as.connector.deployers.jdbc] (MSC service thread 1-8) WFLYJCA0018: Started Driver service with driver-name = h2
2017-05-02 07:34:41,731 INFO  [org.jboss.as.jsf] (ServerService Thread Pool -- 44) WFLYJSF0007: Activated the following JSF Implementations: [main]
2017-05-02 07:34:41,755 INFO  [org.jboss.as.naming] (ServerService Thread Pool -- 46) WFLYNAM0001: Activating Naming Subsystem
2017-05-02 07:34:41,934 WARN  [org.jboss.as.txn] (ServerService Thread Pool -- 54) WFLYTX0013: Node identifier property is set to the default value. Please make sure it is unique.
2017-05-02 07:34:41,963 INFO  [org.jboss.as.mail.extension] (MSC service thread 1-6) WFLYMAIL0001: Bound mail session [java:jboss/mail/Default]
2017-05-02 07:34:41,967 INFO  [org.jboss.as.security] (ServerService Thread Pool -- 53) WFLYSEC0002: Activating Security Subsystem
2017-05-02 07:34:41,969 INFO  [org.jboss.as.webservices] (ServerService Thread Pool -- 56) WFLYWS0002: Activating WebServices Extension
2017-05-02 07:34:41,973 INFO  [org.jboss.as.naming] (MSC service thread 1-8) WFLYNAM0003: Starting Naming Service
2017-05-02 07:34:42,010 INFO  [org.jboss.as.security] (MSC service thread 1-7) WFLYSEC0001: Current PicketBox version=4.9.6.Final
2017-05-02 07:34:42,014 INFO  [org.wildfly.extension.undertow] (MSC service thread 1-2) WFLYUT0003: Undertow 1.4.0.Final starting
2017-05-02 07:34:42,334 INFO  [org.wildfly.extension.undertow] (ServerService Thread Pool -- 55) WFLYUT0014: Creating file handler for path 'C:\Users\Mariana\Documents\GitHub\Sistemas-Transaccionales\wildfly-10.1.0.Final/welcome-content' with options [directory-listing: 'false', follow-symlink: 'false', case-sensitive: 'true', safe-symlink-paths: '[]']
2017-05-02 07:34:42,376 INFO  [org.jboss.as.ejb3] (MSC service thread 1-7) WFLYEJB0481: Strict pool slsb-strict-max-pool is using a max instance size of 64 (per class), which is derived from thread worker pool sizing.
2017-05-02 07:34:42,377 INFO  [org.jboss.as.ejb3] (MSC service thread 1-6) WFLYEJB0482: Strict pool mdb-strict-max-pool is using a max instance size of 16 (per class), which is derived from the number of CPUs on this host.
2017-05-02 07:34:42,795 INFO  [org.wildfly.extension.undertow] (MSC service thread 1-8) WFLYUT0012: Started server default-server.
2017-05-02 07:34:42,797 INFO  [org.wildfly.extension.undertow] (MSC service thread 1-4) WFLYUT0018: Host default-host starting
2017-05-02 07:34:42,828 INFO  [org.jboss.remoting] (MSC service thread 1-1) JBoss Remoting version 4.0.21.Final
2017-05-02 07:34:42,878 ERROR [org.jboss.msc.service.fail] (MSC service thread 1-8) MSC000001: Failed to start service jboss.undertow.listener.default: org.jboss.msc.service.StartException in service jboss.undertow.listener.default: Address already in use: bind localhost/127.0.0.1:8080
	at org.wildfly.extension.undertow.ListenerService.start(ListenerService.java:151)
	at org.jboss.msc.service.ServiceControllerImpl$StartTask.startService(ServiceControllerImpl.java:1948)
	at org.jboss.msc.service.ServiceControllerImpl$StartTask.run(ServiceControllerImpl.java:1881)
	at java.util.concurrent.ThreadPoolExecutor.runWorker(ThreadPoolExecutor.java:1142)
	at java.util.concurrent.ThreadPoolExecutor$Worker.run(ThreadPoolExecutor.java:617)
	at java.lang.Thread.run(Thread.java:748)

2017-05-02 07:34:43,030 WARN  [org.jboss.as.domain.management.security] (MSC service thread 1-3) WFLYDM0111: Keystore C:\Users\Mariana\Documents\GitHub\Sistemas-Transaccionales\wildfly-10.1.0.Final\standalone\configuration\application.keystore not found, it will be auto generated on first use with a self signed certificate for host localhost
2017-05-02 07:34:43,138 INFO  [org.jboss.as.server.deployment.scanner] (MSC service thread 1-5) WFLYDS0013: Started FileSystemDeploymentService for directory C:\Users\Mariana\Documents\GitHub\Sistemas-Transaccionales\wildfly-10.1.0.Final\standalone\deployments
2017-05-02 07:34:43,149 INFO  [org.jboss.as.server.deployment] (MSC service thread 1-5) WFLYSRV0027: Starting deployment of "VideoAndes.war" (runtime-name: "VideoAndes.war")
2017-05-02 07:34:43,152 INFO  [org.jboss.as.server.deployment] (MSC service thread 1-5) WFLYSRV0027: Starting deployment of "FestivAndes.war" (runtime-name: "FestivAndes.war")
2017-05-02 07:34:43,709 INFO  [org.jboss.as.connector.subsystems.datasources] (MSC service thread 1-8) WFLYJCA0001: Bound data source [java:jboss/datasources/ExampleDS]
2017-05-02 07:34:43,714 INFO  [org.infinispan.factories.GlobalComponentRegistry] (MSC service thread 1-6) ISPN000128: Infinispan version: Infinispan 'Chakra' 8.2.4.Final
2017-05-02 07:34:44,230 INFO  [org.infinispan.configuration.cache.EvictionConfigurationBuilder] (ServerService Thread Pool -- 61) ISPN000152: Passivation configured without an eviction policy being selected. Only manually evicted entities will be passivated.
2017-05-02 07:34:44,232 INFO  [org.infinispan.configuration.cache.EvictionConfigurationBuilder] (ServerService Thread Pool -- 61) ISPN000152: Passivation configured without an eviction policy being selected. Only manually evicted entities will be passivated.
2017-05-02 07:34:44,247 INFO  [org.infinispan.configuration.cache.EvictionConfigurationBuilder] (ServerService Thread Pool -- 58) ISPN000152: Passivation configured without an eviction policy being selected. Only manually evicted entities will be passivated.
2017-05-02 07:34:44,248 INFO  [org.infinispan.configuration.cache.EvictionConfigurationBuilder] (ServerService Thread Pool -- 58) ISPN000152: Passivation configured without an eviction policy being selected. Only manually evicted entities will be passivated.
2017-05-02 07:34:44,247 INFO  [org.infinispan.configuration.cache.EvictionConfigurationBuilder] (ServerService Thread Pool -- 60) ISPN000152: Passivation configured without an eviction policy being selected. Only manually evicted entities will be passivated.
2017-05-02 07:34:44,251 INFO  [org.infinispan.configuration.cache.EvictionConfigurationBuilder] (ServerService Thread Pool -- 60) ISPN000152: Passivation configured without an eviction policy being selected. Only manually evicted entities will be passivated.
2017-05-02 07:34:46,598 INFO  [org.wildfly.extension.undertow] (MSC service thread 1-6) WFLYUT0006: Undertow HTTPS listener https listening on 127.0.0.1:8443
2017-05-02 07:34:46,630 ERROR [org.jboss.as.controller.management-operation] (Controller Boot Thread) WFLYCTL0013: Operation ("deploy") failed - address: ([("deployment" => "FestivAndes.war")]) - failure description: {
    "WFLYCTL0180: Services with missing/unavailable dependencies" => undefined,
    "WFLYCTL0288: One or more services were unable to start due to one or more indirect dependencies not being available." => {
        "Services that were unable to start:" => ["jboss.deployment.unit.\"FestivAndes.war\".PARSE"],
        "Services that may be the cause:" => ["jboss.remoting.remotingConnectorInfoService.http-remoting-connector"]
    }
}
2017-05-02 07:34:46,630 ERROR [org.jboss.as.controller.management-operation] (Controller Boot Thread) WFLYCTL0013: Operation ("deploy") failed - address: ([("deployment" => "VideoAndes.war")]) - failure description: {
    "WFLYCTL0180: Services with missing/unavailable dependencies" => undefined,
    "WFLYCTL0288: One or more services were unable to start due to one or more indirect dependencies not being available." => {
        "Services that were unable to start:" => ["jboss.deployment.unit.\"VideoAndes.war\".PARSE"],
        "Services that may be the cause:" => ["jboss.remoting.remotingConnectorInfoService.http-remoting-connector"]
    }
}
2017-05-02 07:34:46,630 ERROR [org.jboss.as.controller.management-operation] (Controller Boot Thread) WFLYCTL0013: Operation ("add") failed - address: ([
    ("subsystem" => "undertow"),
    ("server" => "default-server"),
    ("http-listener" => "default")
]) - failure description: {
    "WFLYCTL0080: Failed services" => {"jboss.undertow.listener.default" => "org.jboss.msc.service.StartException in service jboss.undertow.listener.default: Address already in use: bind localhost/127.0.0.1:8080"},
    "WFLYCTL0412: Required services that are not installed:" => ["jboss.undertow.listener.default"],
    "WFLYCTL0180: Services with missing/unavailable dependencies" => undefined
}
2017-05-02 07:34:46,646 ERROR [org.jboss.as.controller.management-operation] (Controller Boot Thread) WFLYCTL0013: Operation ("add") failed - address: ([("subsystem" => "webservices")]) - failure description: {
    "WFLYCTL0180: Services with missing/unavailable dependencies" => undefined,
    "WFLYCTL0288: One or more services were unable to start due to one or more indirect dependencies not being available." => {
        "Services that were unable to start:" => ["jboss.ws.config"],
        "Services that may be the cause:" => ["jboss.remoting.remotingConnectorInfoService.http-remoting-connector"]
    }
}
2017-05-02 07:34:46,646 ERROR [org.jboss.as.controller.management-operation] (Controller Boot Thread) WFLYCTL0013: Operation ("add") failed - address: ([("subsystem" => "ejb3")]) - failure description: {
    "WFLYCTL0180: Services with missing/unavailable dependencies" => undefined,
    "WFLYCTL0288: One or more services were unable to start due to one or more indirect dependencies not being available." => {
        "Services that were unable to start:" => [
            "jboss.ejb.default-local-ejb-receiver-service",
            "jboss.ejb3.ejbClientContext.default",
            "jboss.ejb3.localEjbReceiver.value"
        ],
        "Services that may be the cause:" => ["jboss.remoting.remotingConnectorInfoService.http-remoting-connector"]
    }
}
2017-05-02 07:34:46,646 ERROR [org.jboss.as.controller.management-operation] (Controller Boot Thread) WFLYCTL0013: Operation ("add") failed - address: ([
    ("subsystem" => "ejb3"),
    ("service" => "remote")
]) - failure description: {
    "WFLYCTL0412: Required services that are not installed:" => ["jboss.remoting.remotingConnectorInfoService.http-remoting-connector"],
    "WFLYCTL0180: Services with missing/unavailable dependencies" => ["jboss.ejb3.connector is missing [jboss.remoting.remotingConnectorInfoService.http-remoting-connector]"]
}
2017-05-02 07:34:47,670 INFO  [org.jboss.as.server] (ServerService Thread Pool -- 34) WFLYSRV0010: Deployed "VideoAndes.war" (runtime-name : "VideoAndes.war")
2017-05-02 07:34:47,670 INFO  [org.jboss.as.server] (ServerService Thread Pool -- 34) WFLYSRV0010: Deployed "FestivAndes.war" (runtime-name : "FestivAndes.war")
2017-05-02 07:34:47,670 INFO  [org.jboss.as.controller] (Controller Boot Thread) WFLYCTL0183: Service status report
WFLYCTL0184:    New missing/unsatisfied dependencies:
      service jboss.remoting.remotingConnectorInfoService.http-remoting-connector (missing) dependents: [service jboss.ejb3.connector] 
WFLYCTL0186:   Services which failed to start:      service jboss.undertow.listener.default: org.jboss.msc.service.StartException in service jboss.undertow.listener.default: Address already in use: bind localhost/127.0.0.1:8080

2017-05-02 07:34:47,978 INFO  [org.jboss.as] (Controller Boot Thread) WFLYSRV0060: Http management interface listening on http://127.0.0.1:9990/management
2017-05-02 07:34:47,978 INFO  [org.jboss.as] (Controller Boot Thread) WFLYSRV0051: Admin console listening on http://127.0.0.1:9990
2017-05-02 07:34:47,978 ERROR [org.jboss.as] (Controller Boot Thread) WFLYSRV0026: WildFly Full 10.1.0.Final (WildFly Core 2.2.0.Final) started (with errors) in 8975ms - Started 326 of 583 services (8 services failed or missing dependencies, 393 services are lazy, passive or on-demand)
2017-05-02 07:34:49,240 INFO  [org.jboss.as.server.deployment] (MSC service thread 1-4) WFLYSRV0028: Stopped deployment FestivAndes.war (runtime-name: FestivAndes.war) in 31ms
2017-05-02 07:34:49,329 INFO  [org.jboss.as.server.deployment] (MSC service thread 1-6) WFLYSRV0028: Stopped deployment VideoAndes.war (runtime-name: VideoAndes.war) in 132ms
2017-05-02 07:34:50,488 WARN  [org.jboss.as.controller] (DeploymentScanner-threads - 1) WFLYCTL0357: Notification of type deployment-undeployed is not described for the resource at the address []
2017-05-02 07:34:50,488 WARN  [org.jboss.as.controller] (DeploymentScanner-threads - 1) WFLYCTL0357: Notification of type deployment-undeployed is not described for the resource at the address []
2017-05-02 07:34:50,492 INFO  [org.jboss.as.server] (DeploymentScanner-threads - 1) WFLYSRV0009: Undeployed "VideoAndes.war" (runtime-name: "VideoAndes.war")
2017-05-02 07:34:50,492 INFO  [org.jboss.as.server] (DeploymentScanner-threads - 1) WFLYSRV0009: Undeployed "FestivAndes.war" (runtime-name: "FestivAndes.war")
2017-05-02 07:34:50,492 INFO  [org.jboss.as.controller] (DeploymentScanner-threads - 1) WFLYCTL0183: Service status report
WFLYCTL0186:   Services which failed to start:      service jboss.undertow.listener.default: org.jboss.msc.service.StartException in service jboss.undertow.listener.default: Address already in use: bind localhost/127.0.0.1:8080

2017-05-02 07:34:52,787 INFO  [org.jboss.as.server.deployment.scanner] (DeploymentScanner-threads - 1) WFLYDS0004: Found FestivAndes.war in deployment directory. To trigger deployment create a file called FestivAndes.war.dodeploy
2017-05-02 07:34:52,787 INFO  [org.jboss.as.server.deployment.scanner] (DeploymentScanner-threads - 1) WFLYDS0004: Found VideoAndes.war in deployment directory. To trigger deployment create a file called VideoAndes.war.dodeploy
